<?xml version="1.0" encoding="UTF-8"?>
<!-- Generated by org.testng.reporters.JUnitXMLReporter -->
<testsuite ignored="0" hostname="DESKTOP-K5OA249" failures="0" tests="3" name="Default test" time="0.072" errors="0" timestamp="2025-11-22T10:26:46 IST">
  <testcase classname="Practice1.Demo1Test" name="login" time="0.011"/>
  <testcase classname="Practice1.Demo1Test" name="login" time="0.001"/>
  <testcase classname="Practice1.Demo1Test" name="login" time="0.001"/>
</testsuite> <!-- Default test -->
