<?xml version="1.0" encoding="UTF-8"?>
<testng-results ignored="0" total="3" passed="3" failed="0" skipped="0">
  <reporter-output>
  </reporter-output>
  <suite started-at="2025-11-22T10:26:46 IST" name="Default suite" finished-at="2025-11-22T10:26:46 IST" duration-ms="72">
    <groups>
    </groups>
    <test started-at="2025-11-22T10:26:46 IST" name="Default test" finished-at="2025-11-22T10:26:46 IST" duration-ms="72">
      <class name="Practice1.Demo1Test">
        <test-method signature="login(java.lang.String,java.lang.String)[pri:0, instance:Practice1.Demo1Test@1283bb96]" started-at="2025-11-22T10:26:46 IST" name="login" data-provider="loginDetails" finished-at="2025-11-22T10:26:46 IST" duration-ms="11" status="PASS">
          <params>
            <param index="0">
              <value>
                <![CDATA[Dhoni]]>
              </value>
            </param>
            <param index="1">
              <value>
                <![CDATA[Dhoni7]]>
              </value>
            </param>
          </params>
          <reporter-output>
          </reporter-output>
        </test-method> <!-- login -->
        <test-method signature="login(java.lang.String,java.lang.String)[pri:0, instance:Practice1.Demo1Test@1283bb96]" started-at="2025-11-22T10:26:46 IST" name="login" data-provider="loginDetails" finished-at="2025-11-22T10:26:46 IST" duration-ms="1" status="PASS">
          <params>
            <param index="0">
              <value>
                <![CDATA[Virat]]>
              </value>
            </param>
            <param index="1">
              <value>
                <![CDATA[Virat18]]>
              </value>
            </param>
          </params>
          <reporter-output>
          </reporter-output>
        </test-method> <!-- login -->
        <test-method signature="login(java.lang.String,java.lang.String)[pri:0, instance:Practice1.Demo1Test@1283bb96]" started-at="2025-11-22T10:26:46 IST" name="login" data-provider="loginDetails" finished-at="2025-11-22T10:26:46 IST" duration-ms="1" status="PASS">
          <params>
            <param index="0">
              <value>
                <![CDATA[Rohit]]>
              </value>
            </param>
            <param index="1">
              <value>
                <![CDATA[Rohit45]]>
              </value>
            </param>
          </params>
          <reporter-output>
          </reporter-output>
        </test-method> <!-- login -->
      </class> <!-- Practice1.Demo1Test -->
    </test> <!-- Default test -->
  </suite> <!-- Default suite -->
</testng-results>
